Error: Cannot find module 'ajv/dist/compile/codegen'
Require stack:
- C:\Users\User\Documents\GameBooster\node_modules\ajv-keywords\dist\definitions\typeof.js
- C:\Users\User\Documents\GameBooster\node_modules\ajv-keywords\dist\keywords\typeof.js
- C:\Users\User\Documents\GameBooster\node_modules\ajv-keywords\dist\keywords\index.js
- C:\Users\User\Documents\GameBooster\node_modules\ajv-keywords\dist\index.js
- C:\Users\User\Documents\GameBooster\node_modules\schema-utils\dist\validate.js
- C:\Users\User\Documents\GameBooster\node_modules\schema-utils\dist\index.js
- C:\Users\User\Documents\GameBooster\node_modules\expo-router\plugin\build\index.js
- C:\Users\User\Documents\GameBooster\node_modules\expo-router\app.plugin.js
- C:\Users\User\Documents\GameBooster\node_modules\@expo\config-plugins\build\utils\plugin-resolver.js
- C:\Users\User\Documents\GameBooster\node_modules\@expo\config-plugins\build\plugins\withStaticPlugin.js
- C:\Users\User\Documents\GameBooster\node_modules\@expo\config-plugins\build\plugins\withPlugins.js
- C:\Users\User\Documents\GameBooster\node_modules\@expo\config-plugins\build\index.js
- C:\Users\User\Documents\GameBooster\node_modules\@expo\config\build\plugins\withConfigPlugins.js
- C:\Users\User\Documents\GameBooster\node_modules\@expo\config\build\Config.js
- C:\Users\User\Documents\GameBooster\node_modules\@expo\config\build\index.js
- C:\Users\User\Documents\GameBooster\node_modules\@expo\cli\build\src\utils\getOrPromptApplicationId.js
- C:\Users\User\Documents\GameBooster\node_modules\@expo\cli\build\src\prebuild\configureProjectAsync.js
- C:\Users\User\Documents\GameBooster\node_modules\@expo\cli\build\src\prebuild\prebuildAsync.js
- C:\Users\User\Documents\GameBooster\node_modules\@expo\cli\build\src\prebuild\index.js
- C:\Users\User\Documents\GameBooster\node_modules\@expo\cli\build\bin\cli
- C:\Users\User\Documents\GameBooster\node_modules\expo\bin\cli
Error: Cannot find module 'ajv/dist/compile/codegen'
Require stack:
- C:\Users\User\Documents\GameBooster\node_modules\ajv-keywords\dist\definitions\typeof.js
- C:\Users\User\Documents\GameBooster\node_modules\ajv-keywords\dist\keywords\typeof.js
- C:\Users\User\Documents\GameBooster\node_modules\ajv-keywords\dist\keywords\index.js
- C:\Users\User\Documents\GameBooster\node_modules\ajv-keywords\dist\index.js
- C:\Users\User\Documents\GameBooster\node_modules\schema-utils\dist\validate.js
- C:\Users\User\Documents\GameBooster\node_modules\schema-utils\dist\index.js
- C:\Users\User\Documents\GameBooster\node_modules\expo-router\plugin\build\index.js
- C:\Users\User\Documents\GameBooster\node_modules\expo-router\app.plugin.js
- C:\Users\User\Documents\GameBooster\node_modules\@expo\config-plugins\build\utils\plugin-resolver.js
- C:\Users\User\Documents\GameBooster\node_modules\@expo\config-plugins\build\plugins\withStaticPlugin.js
- C:\Users\User\Documents\GameBooster\node_modules\@expo\config-plugins\build\plugins\withPlugins.js
- C:\Users\User\Documents\GameBooster\node_modules\@expo\config-plugins\build\index.js
- C:\Users\User\Documents\GameBooster\node_modules\@expo\config\build\plugins\withConfigPlugins.js
- C:\Users\User\Documents\GameBooster\node_modules\@expo\config\build\Config.js
- C:\Users\User\Documents\GameBooster\node_modules\@expo\config\build\index.js
- C:\Users\User\Documents\GameBooster\node_modules\@expo\cli\build\src\utils\getOrPromptApplicationId.js
- C:\Users\User\Documents\GameBooster\node_modules\@expo\cli\build\src\prebuild\configureProjectAsync.js
- C:\Users\User\Documents\GameBooster\node_modules\@expo\cli\build\src\prebuild\prebuildAsync.js
- C:\Users\User\Documents\GameBooster\node_modules\@expo\cli\build\src\prebuild\index.js
- C:\Users\User\Documents\GameBooster\node_modules\@expo\cli\build\bin\cli
- C:\Users\User\Documents\GameBooster\node_modules\expo\bin\cli
    at Function._resolveFilename (node:internal/modules/cjs/loader:1249:15)
    at Function._load (node:internal/modules/cjs/loader:1075:27)
    at TracingChannel.traceSync (node:diagnostics_channel:315:14)
    at wrapModuleLoad (node:internal/modules/cjs/loader:218:24)
    at Module.require (node:internal/modules/cjs/loader:1340:12)
    at require (node:internal/modules/helpers:141:16)
    at Object.<anonymous> (C:\Users\User\Documents\GameBooster\node_modules\ajv-keywords\dist\definitions\typeof.js:3:19)
    at Module._compile (node:internal/modules/cjs/loader:1546:14)
    at Object..js (node:internal/modules/cjs/loader:1689:10)
    at Module.load (node:internal/modules/cjs/loader:1318:32)
